/Users/lilin/Desktop/node-mvc/bin/www.js:1
import app from '../src/app.js'
^^^^^^

SyntaxError: Cannot use import statement outside a module
    at wrapSafe (internal/modules/cjs/loader.js:1072:16)
    at Module._compile (internal/modules/cjs/loader.js:1122:27)
    at Object.Module._extensions..js (internal/modules/cjs/loader.js:1178:10)
    at Module.load (internal/modules/cjs/loader.js:1002:32)
    at Function.Module._load (internal/modules/cjs/loader.js:901:14)
    at /Users/lilin/.nvm/versions/node/v12.16.1/lib/node_modules/pm2/lib/ProcessContainer.js:303:25
    at wrapper (/Users/lilin/.nvm/versions/node/v12.16.1/lib/node_modules/pm2/node_modules/async/internal/once.js:12:16)
    at next (/Users/lilin/.nvm/versions/node/v12.16.1/lib/node_modules/pm2/node_modules/async/waterfall.js:96:20)
    at /Users/lilin/.nvm/versions/node/v12.16.1/lib/node_modules/pm2/node_modules/async/internal/onlyOnce.js:12:16
    at WriteStream.<anonymous> (/Users/lilin/.nvm/versions/node/v12.16.1/lib/node_modules/pm2/lib/Utility.js:186:13)
/Users/lilin/Desktop/node-mvc/bin/www.js:1
import app from '../src/app.js'
^^^^^^

SyntaxError: Cannot use import statement outside a module
    at wrapSafe (internal/modules/cjs/loader.js:1072:16)
    at Module._compile (internal/modules/cjs/loader.js:1122:27)
    at Object.Module._extensions..js (internal/modules/cjs/loader.js:1178:10)
    at Module.load (internal/modules/cjs/loader.js:1002:32)
    at Function.Module._load (internal/modules/cjs/loader.js:901:14)
    at /Users/lilin/.nvm/versions/node/v12.16.1/lib/node_modules/pm2/lib/ProcessContainer.js:303:25
    at wrapper (/Users/lilin/.nvm/versions/node/v12.16.1/lib/node_modules/pm2/node_modules/async/internal/once.js:12:16)
    at next (/Users/lilin/.nvm/versions/node/v12.16.1/lib/node_modules/pm2/node_modules/async/waterfall.js:96:20)
    at /Users/lilin/.nvm/versions/node/v12.16.1/lib/node_modules/pm2/node_modules/async/internal/onlyOnce.js:12:16
    at WriteStream.<anonymous> (/Users/lilin/.nvm/versions/node/v12.16.1/lib/node_modules/pm2/lib/Utility.js:186:13)
/Users/lilin/Desktop/node-mvc/bin/www.js:1
import app from '../src/app.js'
^^^^^^

SyntaxError: Cannot use import statement outside a module
    at wrapSafe (internal/modules/cjs/loader.js:1072:16)
    at Module._compile (internal/modules/cjs/loader.js:1122:27)
    at Object.Module._extensions..js (internal/modules/cjs/loader.js:1178:10)
    at Module.load (internal/modules/cjs/loader.js:1002:32)
    at Function.Module._load (internal/modules/cjs/loader.js:901:14)
    at /Users/lilin/.nvm/versions/node/v12.16.1/lib/node_modules/pm2/lib/ProcessContainer.js:303:25
    at wrapper (/Users/lilin/.nvm/versions/node/v12.16.1/lib/node_modules/pm2/node_modules/async/internal/once.js:12:16)
    at next (/Users/lilin/.nvm/versions/node/v12.16.1/lib/node_modules/pm2/node_modules/async/waterfall.js:96:20)
    at /Users/lilin/.nvm/versions/node/v12.16.1/lib/node_modules/pm2/node_modules/async/internal/onlyOnce.js:12:16
    at WriteStream.<anonymous> (/Users/lilin/.nvm/versions/node/v12.16.1/lib/node_modules/pm2/lib/Utility.js:186:13)
/Users/lilin/Desktop/node-mvc/bin/www.js:1
import app from '../src/app.js'
^^^^^^

SyntaxError: Cannot use import statement outside a module
    at wrapSafe (internal/modules/cjs/loader.js:1072:16)
    at Module._compile (internal/modules/cjs/loader.js:1122:27)
    at Object.Module._extensions..js (internal/modules/cjs/loader.js:1178:10)
    at Module.load (internal/modules/cjs/loader.js:1002:32)
    at Function.Module._load (internal/modules/cjs/loader.js:901:14)
    at /Users/lilin/.nvm/versions/node/v12.16.1/lib/node_modules/pm2/lib/ProcessContainer.js:303:25
    at wrapper (/Users/lilin/.nvm/versions/node/v12.16.1/lib/node_modules/pm2/node_modules/async/internal/once.js:12:16)
    at next (/Users/lilin/.nvm/versions/node/v12.16.1/lib/node_modules/pm2/node_modules/async/waterfall.js:96:20)
    at /Users/lilin/.nvm/versions/node/v12.16.1/lib/node_modules/pm2/node_modules/async/internal/onlyOnce.js:12:16
    at WriteStream.<anonymous> (/Users/lilin/.nvm/versions/node/v12.16.1/lib/node_modules/pm2/lib/Utility.js:186:13)
/Users/lilin/Desktop/node-mvc/bin/www.js:1
import app from '../src/app.js'
^^^^^^

SyntaxError: Cannot use import statement outside a module
    at wrapSafe (internal/modules/cjs/loader.js:1072:16)
    at Module._compile (internal/modules/cjs/loader.js:1122:27)
    at Object.Module._extensions..js (internal/modules/cjs/loader.js:1178:10)
    at Module.load (internal/modules/cjs/loader.js:1002:32)
    at Function.Module._load (internal/modules/cjs/loader.js:901:14)
    at /Users/lilin/.nvm/versions/node/v12.16.1/lib/node_modules/pm2/lib/ProcessContainer.js:303:25
    at wrapper (/Users/lilin/.nvm/versions/node/v12.16.1/lib/node_modules/pm2/node_modules/async/internal/once.js:12:16)
    at next (/Users/lilin/.nvm/versions/node/v12.16.1/lib/node_modules/pm2/node_modules/async/waterfall.js:96:20)
    at /Users/lilin/.nvm/versions/node/v12.16.1/lib/node_modules/pm2/node_modules/async/internal/onlyOnce.js:12:16
    at WriteStream.<anonymous> (/Users/lilin/.nvm/versions/node/v12.16.1/lib/node_modules/pm2/lib/Utility.js:186:13)
/Users/lilin/Desktop/node-mvc/bin/www.js:1
import app from '../src/app.js'
^^^^^^

SyntaxError: Cannot use import statement outside a module
    at wrapSafe (internal/modules/cjs/loader.js:1072:16)
    at Module._compile (internal/modules/cjs/loader.js:1122:27)
    at Object.Module._extensions..js (internal/modules/cjs/loader.js:1178:10)
    at Module.load (internal/modules/cjs/loader.js:1002:32)
    at Function.Module._load (internal/modules/cjs/loader.js:901:14)
    at /Users/lilin/.nvm/versions/node/v12.16.1/lib/node_modules/pm2/lib/ProcessContainer.js:303:25
    at wrapper (/Users/lilin/.nvm/versions/node/v12.16.1/lib/node_modules/pm2/node_modules/async/internal/once.js:12:16)
    at next (/Users/lilin/.nvm/versions/node/v12.16.1/lib/node_modules/pm2/node_modules/async/waterfall.js:96:20)
    at /Users/lilin/.nvm/versions/node/v12.16.1/lib/node_modules/pm2/node_modules/async/internal/onlyOnce.js:12:16
    at WriteStream.<anonymous> (/Users/lilin/.nvm/versions/node/v12.16.1/lib/node_modules/pm2/lib/Utility.js:186:13)
/Users/lilin/Desktop/node-mvc/bin/www.js:1
import app from '../src/app.js'
^^^^^^

SyntaxError: Cannot use import statement outside a module
    at wrapSafe (internal/modules/cjs/loader.js:1072:16)
    at Module._compile (internal/modules/cjs/loader.js:1122:27)
    at Object.Module._extensions..js (internal/modules/cjs/loader.js:1178:10)
    at Module.load (internal/modules/cjs/loader.js:1002:32)
    at Function.Module._load (internal/modules/cjs/loader.js:901:14)
    at /Users/lilin/.nvm/versions/node/v12.16.1/lib/node_modules/pm2/lib/ProcessContainer.js:303:25
    at wrapper (/Users/lilin/.nvm/versions/node/v12.16.1/lib/node_modules/pm2/node_modules/async/internal/once.js:12:16)
    at next (/Users/lilin/.nvm/versions/node/v12.16.1/lib/node_modules/pm2/node_modules/async/waterfall.js:96:20)
    at /Users/lilin/.nvm/versions/node/v12.16.1/lib/node_modules/pm2/node_modules/async/internal/onlyOnce.js:12:16
    at WriteStream.<anonymous> (/Users/lilin/.nvm/versions/node/v12.16.1/lib/node_modules/pm2/lib/Utility.js:186:13)
/Users/lilin/Desktop/node-mvc/bin/www.js:1
import app from '../src/app.js'
^^^^^^

SyntaxError: Cannot use import statement outside a module
    at wrapSafe (internal/modules/cjs/loader.js:1072:16)
    at Module._compile (internal/modules/cjs/loader.js:1122:27)
    at Object.Module._extensions..js (internal/modules/cjs/loader.js:1178:10)
    at Module.load (internal/modules/cjs/loader.js:1002:32)
    at Function.Module._load (internal/modules/cjs/loader.js:901:14)
    at /Users/lilin/.nvm/versions/node/v12.16.1/lib/node_modules/pm2/lib/ProcessContainer.js:303:25
    at wrapper (/Users/lilin/.nvm/versions/node/v12.16.1/lib/node_modules/pm2/node_modules/async/internal/once.js:12:16)
    at next (/Users/lilin/.nvm/versions/node/v12.16.1/lib/node_modules/pm2/node_modules/async/waterfall.js:96:20)
    at /Users/lilin/.nvm/versions/node/v12.16.1/lib/node_modules/pm2/node_modules/async/internal/onlyOnce.js:12:16
    at WriteStream.<anonymous> (/Users/lilin/.nvm/versions/node/v12.16.1/lib/node_modules/pm2/lib/Utility.js:186:13)
/Users/lilin/Desktop/node-mvc/bin/www.js:1
import app from '../src/app.js'
^^^^^^

SyntaxError: Cannot use import statement outside a module
    at wrapSafe (internal/modules/cjs/loader.js:1072:16)
    at Module._compile (internal/modules/cjs/loader.js:1122:27)
    at Object.Module._extensions..js (internal/modules/cjs/loader.js:1178:10)
    at Module.load (internal/modules/cjs/loader.js:1002:32)
    at Function.Module._load (internal/modules/cjs/loader.js:901:14)
    at /Users/lilin/.nvm/versions/node/v12.16.1/lib/node_modules/pm2/lib/ProcessContainer.js:303:25
    at wrapper (/Users/lilin/.nvm/versions/node/v12.16.1/lib/node_modules/pm2/node_modules/async/internal/once.js:12:16)
    at next (/Users/lilin/.nvm/versions/node/v12.16.1/lib/node_modules/pm2/node_modules/async/waterfall.js:96:20)
    at /Users/lilin/.nvm/versions/node/v12.16.1/lib/node_modules/pm2/node_modules/async/internal/onlyOnce.js:12:16
    at WriteStream.<anonymous> (/Users/lilin/.nvm/versions/node/v12.16.1/lib/node_modules/pm2/lib/Utility.js:186:13)
/Users/lilin/Desktop/node-mvc/bin/www.js:1
import app from '../src/app.js'
^^^^^^

SyntaxError: Cannot use import statement outside a module
    at wrapSafe (internal/modules/cjs/loader.js:1072:16)
    at Module._compile (internal/modules/cjs/loader.js:1122:27)
    at Object.Module._extensions..js (internal/modules/cjs/loader.js:1178:10)
    at Module.load (internal/modules/cjs/loader.js:1002:32)
    at Function.Module._load (internal/modules/cjs/loader.js:901:14)
    at /Users/lilin/.nvm/versions/node/v12.16.1/lib/node_modules/pm2/lib/ProcessContainer.js:303:25
    at wrapper (/Users/lilin/.nvm/versions/node/v12.16.1/lib/node_modules/pm2/node_modules/async/internal/once.js:12:16)
    at next (/Users/lilin/.nvm/versions/node/v12.16.1/lib/node_modules/pm2/node_modules/async/waterfall.js:96:20)
    at /Users/lilin/.nvm/versions/node/v12.16.1/lib/node_modules/pm2/node_modules/async/internal/onlyOnce.js:12:16
    at WriteStream.<anonymous> (/Users/lilin/.nvm/versions/node/v12.16.1/lib/node_modules/pm2/lib/Utility.js:186:13)
